<?xml version="1.0" encoding="UTF-8"?>
<testsuite xmlns:xsi="http://www.w3.org/2001/XMLSchema-instance" xsi:noNamespaceSchemaLocation="https://maven.apache.org/surefire/maven-surefire-plugin/xsd/surefire-test-report.xsd" name="tests.DuckDuckGoSearchTest" time="15.581" tests="3" errors="0" skipped="0" failures="0">
  <properties>
[...]
</properties>
  <testcase name="testSearchForAndroid" classname="tests.DuckDuckGoSearchTest" time="5.647"/>
  <testcase name="testAllRegionsMenuOptions" classname="tests.DuckDuckGoSearchTest" time="8.258"/>
  <testcase name="testDuckDuckGoApiIconUrl" classname="tests.DuckDuckGoSearchTest" time="1.67"/>
</testsuite>